<?xml version="1.0" encoding="UTF-8"?>
<testsuite xmlns:xsi="http://www.w3.org/2001/XMLSchema-instance" xsi:noNamespaceSchemaLocation="https://maven.apache.org/surefire/maven-surefire-plugin/xsd/surefire-test-report-3.0.xsd" version="3.0" name="org.ecopaula.station1_registration.Station1RegistrationApplicationTests" time="4.029" tests="1" errors="0" skipped="0" failures="0">
  <properties>
[...]
</properties>
  <testcase name="contextLoads" classname="org.ecopaula.station1_registration.Station1RegistrationApplicationTests" time="0.937">
    <system-out><![CDATA[19:38:22.569 [main] INFO org.springframework.test.context.support.AnnotationConfigContextLoaderUtils -- Could not detect default configuration classes for test class [org.ecopaula.station1_registration.Station1RegistrationApplicationTests]: Station1RegistrationApplicationTests does not declare any static, non-private, non-final, nested classes annotated with @Configuration.
19:38:22.710 [main] INFO org.springframework.boot.test.context.SpringBootTestContextBootstrapper -- Found @SpringBootConfiguration org.ecopaula.station1_registration.Station1RegistrationApplication for test class org.ecopaula.station1_registration.Station1RegistrationApplicationTests

  .   ____          _            __ _ _
 /\\ / ___'_ __ _ _(_)_ __  __ _ \ \ \ \
( ( )\___ | '_ | '_| | '_ \/ _` | \ \ \ \
 \\/  ___)| |_)| | | | | || (_| |  ) ) ) )
  '  |____| .__|_| |_|_| |_\__, | / / / /
 =========|_|==============|___/=/_/_/_/

 :: Spring Boot ::                (v3.3.5)

2024-12-10T19:38:23.264+01:00  INFO 20080 --- [ecoPaula_station1_registration] [           main] e.s.Station1RegistrationApplicationTests : Starting Station1RegistrationApplicationTests using Java 23.0.1 with PID 20080 (started by klar in C:\Users\klar\Documents\GitHub\ecopaula_pro3\station1_registration)
2024-12-10T19:38:23.280+01:00  INFO 20080 --- [ecoPaula_station1_registration] [           main] e.s.Station1RegistrationApplicationTests : No active profile set, falling back to 1 default profile: "default"
2024-12-10T19:38:25.190+01:00  INFO 20080 --- [ecoPaula_station1_registration] [           main] e.s.Station1RegistrationApplicationTests : Started Station1RegistrationApplicationTests in 2.291 seconds (process running for 3.486)
2024-12-10T19:38:25.288+01:00  INFO 20080 --- [ecoPaula_station1_registration] [           main] o.s.a.r.c.CachingConnectionFactory       : Attempting to connect to: [localhost:5672]
2024-12-10T19:38:25.367+01:00  INFO 20080 --- [ecoPaula_station1_registration] [           main] o.s.a.r.c.CachingConnectionFactory       : Created new connection: rabbitConnectionFactory#3bc4ef12:0/SimpleConnection@7cfb0c4c [delegate=amqp://guest@127.0.0.1:5672/, localPort=59941]
Message sent to server: AnimalDTO{id=0
]]></system-out>
    <system-err><![CDATA[WARNING: A Java agent has been loaded dynamically (C:\Users\klar\.m2\repository\net\bytebuddy\byte-buddy-agent\1.14.19\byte-buddy-agent-1.14.19.jar)
WARNING: If a serviceability tool is in use, please run with -XX:+EnableDynamicAgentLoading to hide this warning
WARNING: If a serviceability tool is not in use, please run with -Djdk.instrument.traceUsage for more information
WARNING: Dynamic loading of agents will be disallowed by default in a future release
]]></system-err>
  </testcase>
</testsuite>